<?xml version="1.0" encoding="UTF-8"?>
<!-- Generated by org.testng.reporters.JUnitReportReporter -->
<testsuite hostname="DESKTOP-8PSGR29" failures="0" tests="1" name="Practice.SampleTest1" time="0.037" errors="0" timestamp="2023-03-04T22:43:53 IST" skipped="0">
  <testcase classname="Practice.SampleTest1" name="m1" time="0.037"/>
  <system-out/>
</testsuite> <!-- Practice.SampleTest1 -->
