<?xml version="1.0" encoding="UTF-8"?>
<!-- Generated by org.testng.reporters.JUnitReportReporter -->
<testsuite hostname="DESKTOP-8PSGR29" failures="0" tests="1" name="Practice.ParametersTest" time="96.480" errors="0" timestamp="2023-03-04T22:22:05 IST" skipped="0">
  <testcase classname="Practice.ParametersTest" name="m1" time="96.480"/>
  <system-out/>
</testsuite> <!-- Practice.ParametersTest -->
